<?xml version="1.0" encoding="utf-8"?><testsuites name="pytest tests"><testsuite name="pytest" errors="0" failures="0" skipped="0" tests="23" time="23.949" timestamp="2026-06-26T09:47:23.196145+00:00" hostname="agent-env-9a527dac-e7af-42e8-bbb0-d6b2a0d7a9af"><testcase classname="tests.backend_test.TestAuth" name="test_login_success" time="0.445" /><testcase classname="tests.backend_test.TestAuth" name="test_me" time="0.255" /><testcase classname="tests.backend_test.TestSessionFlow" name="test_create_session_creates_customer" time="1.030" /><testcase classname="tests.backend_test.TestAuth" name="test_login_wrong_password" time="0.324" /><testcase classname="tests.backend_test.TestAuth" name="test_me_no_token" time="0.108" /><testcase classname="tests.backend_test.TestSessionFlow" name="test_second_session_reuses_customer" time="0.101" /><testcase classname="tests.backend_test.TestSessionFlow" name="test_search_customer" time="0.322" /><testcase classname="tests.backend_test.TestAdmins" name="test_create_admin_and_login" time="0.746" /><testcase classname="tests.backend_test.TestSessionFlow" name="test_active_sessions_and_get" time="0.426" /><testcase classname="tests.backend_test.TestAdmins" name="test_non_super_forbidden" time="0.200" /><testcase classname="tests.backend_test.TestSessionFlow" name="test_generate_trial" time="20.038" /><testcase classname="tests.backend_test.TestConfigCRUD" name="test_add_delete_category" time="0.200" /><testcase classname="tests.backend_test.TestConfigCRUD" name="test_add_delete_field" time="0.227" /><testcase classname="tests.backend_test.TestConfig" name="test_default_categories" time="0.096" /><testcase classname="tests.backend_test.TestExport" name="test_export_xlsx" time="0.193" /><testcase classname="tests.backend_test.TestCleanup" name="test_delete_test_admin" time="0.096" /><testcase classname="tests.backend_test.TestSessionFlow" name="test_settings_and_display_state" time="0.146" /><testcase classname="tests.backend_test.TestSessionFlow" name="test_preview_flow" time="0.549" /><testcase classname="tests.backend_test.TestSessionFlow" name="test_end_session_and_history" time="0.236" /><testcase classname="tests.backend_test.TestSessionFlow" name="test_stats_reflects_earnings" time="0.094" /><testcase classname="tests.backend_test.TestSessionFlow" name="test_customer_profile_stats" time="0.104" /><testcase classname="tests.backend_test.TestSessionFlow" name="test_logs_present" time="0.117" /><testcase classname="tests.backend_test.TestSessionFlow" name="test_zz_cleanup_sessions" time="0.187" /></testsuite></testsuites>