<?xml version="1.0" encoding="utf-8"?><testsuites name="pytest tests"><testsuite name="pytest" errors="0" failures="0" skipped="0" tests="19" time="88.684" timestamp="2026-07-04T15:36:10.036657+00:00" hostname="agent-env-9a527dac-e7af-42e8-bbb0-d6b2a0d7a9af"><testcase classname="tests.test_stability_fixes.TestHammer" name="test_settings_20x_no_5xx" time="2.736" /><testcase classname="tests.test_stability_fixes.TestHammer" name="test_sessions_active_20x_no_5xx" time="60.521" /><testcase classname="tests.test_stability_fixes.TestDisplayStateVersioning" name="test_first_call_returns_version_and_previews" time="39.415" /><testcase classname="tests.test_stability_fixes.TestDisplayStateVersioning" name="test_same_version_returns_unchanged_no_heavy_payload" time="0.315" /><testcase classname="tests.test_stability_fixes.TestDisplayStateVersioning" name="test_wrong_version_returns_full_state" time="0.180" /><testcase classname="tests.test_stability_fixes.TestDisplayStateVersioning" name="test_absent_version_returns_full_state" time="0.194" /><testcase classname="tests.test_stability_fixes.TestDisplayStateVersioning" name="test_wrong_secret_still_404" time="19.709" /><testcase classname="tests.test_stability_fixes.TestLoginStability" name="test_correct_creds_returns_token" time="0.340" /><testcase classname="tests.test_stability_fixes.TestLoginStability" name="test_wrong_password_returns_401_not_500" time="0.972" /><testcase classname="tests.test_stability_fixes.TestLoginStability" name="test_login_repeated_ok" time="1.736" /><testcase classname="tests.test_stability_fixes.TestActiveSessions" name="test_active_sessions_10x" time="1.072" /><testcase classname="tests.test_stability_fixes.TestActiveSessions" name="test_active_sessions_contains_seeded" time="0.098" /><testcase classname="tests.test_stability_fixes.TestSessionDetailProjection" name="test_get_session_excludes_fabric_b64" time="0.242" /><testcase classname="tests.test_stability_fixes.TestSessionDetailProjection" name="test_get_session_404" time="0.101" /><testcase classname="tests.test_stability_fixes.TestCustomersAndExport" name="test_list_customers_has_stats" time="0.178" /><testcase classname="tests.test_stability_fixes.TestCustomersAndExport" name="test_export_customers_xlsx" time="0.400" /><testcase classname="tests.test_stability_fixes.TestHammer" name="test_display_state_20x_no_5xx" time="20.660" /><testcase classname="tests.test_stability_fixes.TestHammer" name="test_display_state_parallel_no_5xx" time="2.579" /><testcase classname="tests.test_stability_fixes.TestHammer" name="test_display_state_versioned_polling_is_light" time="1.607" /></testsuite></testsuites>